#
# A fatal error has been detected by the Java Runtime Environment:
#
#  Internal Error (javaClasses.cpp:129), pid=6648, tid=6940
#  fatal error: Invalid layout of preloaded class
#
# JRE version: 7.0_17-b02
# Java VM: Java HotSpot(TM) Client VM (23.7-b01 mixed mode windows-x86 )
# Failed to write core dump. Minidumps are not enabled by default on client versions of Windows
#
# If you would like to submit a bug report, please visit:
#   http://bugreport.sun.com/bugreport/crash.jsp
#

---------------  T H R E A D  ---------------

Current thread (0x0044ac00):  JavaThread "Unknown thread" [_thread_in_vm, id=6940, stack(0x00210000,0x00260000)]

Stack: [0x00210000,0x00260000],  sp=0x0025f938,  free space=318k
Native frames: (J=compiled Java code, j=interpreted, Vv=VM code, C=native code)
V  [jvm.dll+0x16f261]
V  [jvm.dll+0x1693d6]
V  [jvm.dll+0x2079f]
V  [jvm.dll+0x20826]
V  [jvm.dll+0x2e5bd]
V  [jvm.dll+0x2e869]
V  [jvm.dll+0x77ba1]
V  [jvm.dll+0x77f5b]
V  [jvm.dll+0x1290e1]
V  [jvm.dll+0x149b3a]
V  [jvm.dll+0xa98df]
C  [javaw.exe+0x13ca]
C  [javaw.exe+0x1e3c]
C  [javaw.exe+0xa5a1]
C  [javaw.exe+0xa62b]
C  [kernel32.dll+0x1336a]  BaseThreadInitThunk+0x12
C  [ntdll.dll+0x392b2]  RtlInitializeExceptionChain+0x63
C  [ntdll.dll+0x39285]  RtlInitializeExceptionChain+0x36


---------------  P R O C E S S  ---------------

Java Threads: ( => current thread )

Other Threads:

=>0x0044ac00 (exited) JavaThread "Unknown thread" [_thread_in_vm, id=6940, stack(0x00210000,0x00260000)]

VM state:not at safepoint (not fully initialized)

VM Mutex/Monitor currently owned by a thread: None

GC Heap History (0 events):
No events

Deoptimization events (0 events):
No events

Internal exceptions (0 events):
No events

Events (10 events):
Event: 0.479 loading class 0x004f3a08 done
Event: 0.479 loading class 0x004f2e68 done
Event: 0.479 loading class 0x004f2e40
Event: 0.479 loading class 0x00568cb8
Event: 0.479 loading class 0x00568cb8 done
Event: 0.479 loading class 0x00568cf0
Event: 0.479 loading class 0x00568cf0 done
Event: 0.479 loading class 0x0056a068
Event: 0.479 loading class 0x0056a068 done
Event: 0.479 loading class 0x004f2e40 done


Dynamic libraries:
0x01000000 - 0x0102f000 	C:\Program Files (x86)\Java\jre7\bin\javaw.exe
0x77930000 - 0x77ab0000 	C:\Windows\SysWOW64\ntdll.dll
0x75460000 - 0x75570000 	C:\Windows\syswow64\kernel32.dll
0x75570000 - 0x755b7000 	C:\Windows\syswow64\KERNELBASE.dll
0x75e60000 - 0x75f00000 	C:\Windows\syswow64\ADVAPI32.dll
0x76f20000 - 0x76fcc000 	C:\Windows\syswow64\msvcrt.dll
0x77070000 - 0x77089000 	C:\Windows\SysWOW64\sechost.dll
0x758a0000 - 0x75990000 	C:\Windows\syswow64\RPCRT4.dll
0x752c0000 - 0x75320000 	C:\Windows\syswow64\SspiCli.dll
0x752b0000 - 0x752bc000 	C:\Windows\syswow64\CRYPTBASE.dll
0x755d0000 - 0x756d0000 	C:\Windows\syswow64\USER32.dll
0x75c30000 - 0x75cc0000 	C:\Windows\syswow64\GDI32.dll
0x75420000 - 0x7542a000 	C:\Windows\syswow64\LPK.dll
0x76fd0000 - 0x7706d000 	C:\Windows\syswow64\USP10.dll
0x72890000 - 0x72a2e000 	C:\Windows\WinSxS\x86_microsoft.windows.common-controls_6595b64144ccf1df_6.0.7601.17514_none_41e6975e2bd6f2b2\COMCTL32.dll
0x77190000 - 0x771e7000 	C:\Windows\syswow64\SHLWAPI.dll
0x770d0000 - 0x77130000 	C:\Windows\system32\IMM32.DLL
0x77460000 - 0x7752c000 	C:\Windows\syswow64\MSCTF.dll
0x65ea0000 - 0x65f5e000 	C:\Program Files (x86)\Java\jre7\bin\msvcr100.dll
0x65af0000 - 0x65e3c000 	C:\Program Files (x86)\Java\jre7\bin\client\jvm.dll
0x73bc0000 - 0x73bc7000 	C:\Windows\system32\WSOCK32.dll
0x756d0000 - 0x75705000 	C:\Windows\syswow64\WS2_32.dll
0x75b90000 - 0x75b96000 	C:\Windows\syswow64\NSI.dll
0x72a50000 - 0x72a82000 	C:\Windows\system32\WINMM.dll
0x77900000 - 0x77905000 	C:\Windows\syswow64\PSAPI.DLL
0x73760000 - 0x7376c000 	C:\Program Files (x86)\Java\jre7\bin\verify.dll
0x65a10000 - 0x65a30000 	C:\Program Files (x86)\Java\jre7\bin\java.dll
0x67f40000 - 0x67f53000 	C:\Program Files (x86)\Java\jre7\bin\zip.dll
0x748f0000 - 0x749db000 	C:\Windows\system32\dbghelp.dll

VM Arguments:
jvm_args: -Dfile.encoding=GBK -Xbootclasspath:D:\Android\cx\sdk\platforms\android-18\android.jar 
java_command: value.getValueUtil
Launcher Type: SUN_STANDARD

Environment Variables:
JAVA_HOME=C:\Program Files (x86)\Java\jdk1.7.0_17
CLASSPATH=.;C:\Program Files (x86)\Java\jdk1.7.0_17\lib\dt.jar;C:\Program Files (x86)\Java\jdk1.7.0_17\lib\tools.jar;C:/RmiJdbc/dist/lib/RmiJdbc.jar;
PATH=C:/Program Files (x86)/Java/jre7/bin/client;C:/Program Files (x86)/Java/jre7/bin;C:/Program Files (x86)/Java/jre7/lib/i386;C:\Windows\system32;C:\Windows;C:\Windows\System32\Wbem;C:\Windows\System32\WindowsPowerShell\v1.0\;C:\Program Files (x86)\Intel\OpenCL SDK\2.0\bin\x86;C:\Program Files (x86)\Intel\OpenCL SDK\2.0\bin\x64;C:\Program Files (x86)\Java\jdk1.7.0_17\bin;C:\Program Files (x86)\Java\jdk1.7.0_17\jre\bin;C:\Program Files (x86)\MySQL\MySQL Server 5.1\bin;D:\Android\cx\sdk\platform-tools;D:\Android\cx\sdk\tools;D:\Android\cx\eclipse;
USERNAME=CJZ
OS=Windows_NT
PROCESSOR_IDENTIFIER=Intel64 Family 6 Model 42 Stepping 7, GenuineIntel



---------------  S Y S T E M  ---------------

OS: Windows 7 , 64 bit Build 7601 Service Pack 1

CPU:total 4 (2 cores per cpu, 2 threads per core) family 6 model 42 stepping 7, cmov, cx8, fxsr, mmx, sse, sse2, sse3, ssse3, sse4.1, sse4.2, popcnt, avx, ht, tsc, tscinvbit

Memory: 4k page, physical 4104504k(1483180k free), swap 8207156k(3853388k free)

vm_info: Java HotSpot(TM) Client VM (23.7-b01) for windows-x86 JRE (1.7.0_17-b02), built on Mar  1 2013 05:04:36 by "java_re" with unknown MS VC++:1600

time: Wed May 06 11:15:11 2015
elapsed time: 0 seconds

